*** Starting uWSGI 2.0.19.1 (64bit) on [Sat Feb 27 00:03:36 2021] ***
compiled with version: 4.8.5 20150623 (Red Hat 4.8.5-44) on 27 February 2021 05:00:46
os: Linux-3.10.0-327.el7.x86_64 #1 SMP Thu Nov 19 22:10:57 UTC 2015
nodename: localhost.localdomain
machine: x86_64
clock source: unix
pcre jit disabled
detected number of CPU cores: 2
current working directory: /data/website/mysite
detected binary path: /usr/local/python3.7/bin/uwsgi
uWSGI running as root, you can use --uid/--gid/--chroot options
*** WARNING: you are running uWSGI as root !!! (use the --uid flag) *** 
chdir() to /data/website/mysite/
*** WARNING: you are running uWSGI without its master process manager ***
your processes number limit is 15085
your memory page size is 4096 bytes
detected max file descriptor number: 1024
lock engine: pthread robust mutexes
thunder lock: disabled (you can enable it with --thunder-lock)
uwsgi socket 0 bound to TCP address 127.0.0.1:8997 fd 3
uWSGI running as root, you can use --uid/--gid/--chroot options
*** WARNING: you are running uWSGI as root !!! (use the --uid flag) *** 
Python version: 3.7.0 (default, Feb 26 2021, 23:58:52)  [GCC 4.8.5 20150623 (Red Hat 4.8.5-44)]
*** Python threads support is disabled. You can enable it with --enable-threads ***
Python main interpreter initialized at 0x1297530
uWSGI running as root, you can use --uid/--gid/--chroot options
*** WARNING: you are running uWSGI as root !!! (use the --uid flag) *** 
your server socket listen backlog is limited to 100 connections
your mercy for graceful operations on workers is 60 seconds
mapped 291680 bytes (284 KB) for 4 cores
*** Operational MODE: preforking ***
WSGI app 0 (mountpoint='') ready in 1 seconds on interpreter 0x1297530 pid: 22144 (default app)
uWSGI running as root, you can use --uid/--gid/--chroot options
*** WARNING: you are running uWSGI as root !!! (use the --uid flag) *** 
*** uWSGI is running in multiple interpreter mode ***
spawned uWSGI worker 1 (pid: 22144, cores: 1)
spawned uWSGI worker 2 (pid: 22151, cores: 1)
spawned uWSGI worker 3 (pid: 22152, cores: 1)
spawned uWSGI worker 4 (pid: 22153, cores: 1)
[pid: 22152|app: 0|req: 1/1] 10.246.90.19 () {44 vars in 788 bytes} [Sat Feb 27 05:06:20 2021] GET / => generated 19 bytes in 26 msecs (HTTP/1.1 200) 5 headers in 165 bytes (1 switches on core 0)
Not Found: /favicon.ico
[pid: 22152|app: 0|req: 2/2] 10.246.90.19 () {44 vars in 740 bytes} [Sat Feb 27 05:06:21 2021] GET /favicon.ico => generated 2070 bytes in 18 msecs (HTTP/1.1 404) 5 headers in 159 bytes (1 switches on core 0)
